Drill report for SPO3.kicad_pcb
Created on 2025-12-11T22:35:06+0300

Copper Layer Stackup:
    =============================================================
    L1 :  F.Cu                      front
    L2 :  B.Cu                      back


Drill file 'SPO3-PTH.drl' contains
    plated through holes:
    =============================================================
    T1  0.750mm  0.0295"  (6 holes)
    T2  0.800mm  0.0315"  (48 holes)
    T3  0.813mm  0.0320"  (8 holes)
    T4  1.000mm  0.0394"  (54 holes)
    T5  1.100mm  0.0433"  (5 holes)
    T6  1.300mm  0.0512"  (26 holes)

    Total plated holes count 147


Drill file 'SPO3-NPTH.drl' contains
    unplated through holes:
    =============================================================
    T1  1.000mm  0.0394"  (6 holes)
    T2  2.500mm  0.0984"  (12 holes)

    Total unplated holes count 18
